Arguments: 
  /home/pedrolsoares/.nvm/versions/node/v15.12.0/bin/node /mnt/c/Users/pedro/AppData/Roaming/npm/node_modules/yarn/bin/yarn.js add @pedrolsoares/hacker-chat-client-sjs

PATH: 
  /home/pedrolsoares/.pyenv/plugins/pyenv-virtualenv/shims:/home/pedrolsoares/.pyenv/shims:~/.pyenv/bin:/home/pedrolsoares/.vscode-server/bin/2b9aebd5354a3629c3aba0a5f5df49f43d6689f8/bin:/home/pedrolsoares/.pyenv/plugins/pyenv-virtualenv/shims:/home/pedrolsoares/.pyenv/shims:~/.pyenv/bin:/home/pedrolsoares/GC_SDK/google-cloud-sdk/bin:/home/pedrolsoares/.nvm/versions/node/v15.12.0/bin:/usr/local/sbin:/usr/local/bin:/usr/sbin:/usr/bin:/sbin:/bin:/usr/games:/usr/local/games:/mnt/e/EscolaApps/Python/Scripts/:/mnt/e/EscolaApps/Python/:/mnt/c/Windows/system32:/mnt/c/Windows:/mnt/c/Windows/System32/Wbem:/mnt/c/Windows/System32/WindowsPowerShell/v1.0/:/mnt/c/Windows/System32/OpenSSH/:/mnt/c/Program Files/NVIDIA Corporation/NVIDIA NvDLISR:/mnt/c/Program Files (x86)/NVIDIA Corporation/PhysX/Common:/mnt/e/EscolaApps/Git/Git/cmd:/mnt/c/WINDOWS/system32:/mnt/c/WINDOWS:/mnt/c/WINDOWS/System32/Wbem:/mnt/c/WINDOWS/System32/WindowsPowerShell/v1.0/:/mnt/c/WINDOWS/System32/OpenSSH/:/mnt/c/ProgramData/ComposerSetup/bin:/mnt/c/Program Files/Amazon/AWSCLIV2/:/mnt/e/EscolaApps/NodeJS/:/mnt/c/Program Files/MongoDB/Server/4.4/bin/:/mnt/c/Program Files/Docker/Docker/resources/bin:/mnt/c/ProgramData/DockerDesktop/version-bin:/mnt/e/EscolaApps/Python_3.9/Scripts/:/mnt/e/EscolaApps/Python_3.9/:/mnt/c/Program Files/MySQL/MySQL Shell 8.0/bin/:/mnt/e/EscolaApps/Python/Scripts/:/mnt/e/EscolaApps/Python/:/mnt/c/Users/pedro/AppData/Local/Microsoft/WindowsApps:/mnt/e/EscolaApps/PHP:/mnt/c/Users/pedro/AppData/Roaming/Composer/vendor/bin:/mnt/e/EscolaApps/PHP8:/mnt/c/Users/pedro/AppData/Local/Programs/Microsoft VS Code/bin:/mnt/c/Users/pedro/AppData/Roaming/npm:/snap/bin:/home/pedrolsoares/.dotnet/tools:/usr/local/go/bin

Yarn version: 
  1.22.10

Node version: 
  15.12.0

Platform: 
  linux x64

Trace: 
  Error: https://registry.yarnpkg.com/@pedrolsoares%2fhacker-chat-client-sjs: Not found
      at Request.params.callback [as _callback] (/mnt/c/Users/pedro/AppData/Roaming/npm/node_modules/yarn/lib/cli.js:66988:18)
      at Request.self.callback (/mnt/c/Users/pedro/AppData/Roaming/npm/node_modules/yarn/lib/cli.js:140662:22)
      at Request.emit (node:events:369:20)
      at Request.<anonymous> (/mnt/c/Users/pedro/AppData/Roaming/npm/node_modules/yarn/lib/cli.js:141634:10)
      at Request.emit (node:events:369:20)
      at IncomingMessage.<anonymous> (/mnt/c/Users/pedro/AppData/Roaming/npm/node_modules/yarn/lib/cli.js:141556:12)
      at Object.onceWrapper (node:events:475:28)
      at IncomingMessage.emit (node:events:381:22)
      at endReadableNT (node:internal/streams/readable:1307:12)
      at processTicksAndRejections (node:internal/process/task_queues:81:21)

npm manifest: 
  No manifest

yarn manifest: 
  No manifest

Lockfile: 
  No lockfile
